2025-08-17 22:45:27 [main] INFO  com.tsm.TsmSystemApplication - Starting TsmSystemApplication using Java 17.0.16 on WIN-20240703CLY with PID 16068 (D:\Trae_workspace_EN\TSM\tsm-system\target\classes started by Administrator in D:\Trae_workspace_EN\TSM\tsm-system)
2025-08-17 22:45:27 [main] DEBUG com.tsm.TsmSystemApplication - Running with Spring Boot v2.7.18, Spring v5.3.31
2025-08-17 22:45:27 [main] INFO  com.tsm.TsmSystemApplication - No active profile set, falling back to 1 default profile: "default"
2025-08-17 22:45:30 [main] INFO  o.s.boot.web.embedded.tomcat.TomcatWebServer - Tomcat initialized with port(s): 8080 (http)
2025-08-17 22:45:30 [main] INFO  org.apache.catalina.core.StandardService - Starting service [Tomcat]
2025-08-17 22:45:30 [main] INFO  org.apache.catalina.core.StandardEngine - Starting Servlet engine: [Apache Tomcat/9.0.83]
2025-08-17 22:45:30 [main] INFO  o.a.c.c.ContainerBase.[Tomcat].[localhost].[/tsm] - Initializing Spring embedded WebApplicationContext
2025-08-17 22:45:30 [main] INFO  o.s.b.w.s.c.ServletWebServerApplicationContext - Root WebApplicationContext: initialization completed in 2871 ms
2025-08-17 22:45:31 [main] INFO  c.a.d.s.b.a.DruidDataSourceAutoConfigure - Init DruidDataSource
2025-08-17 22:45:31 [main] INFO  com.alibaba.druid.pool.DruidDataSource - {dataSource-1} inited
2025-08-17 22:45:32 [main] DEBUG o.s.s.w.a.e.ExpressionBasedFilterInvocationSecurityMetadataSource - Adding web access control expression [permitAll] for Ant [pattern='/auth/**']
2025-08-17 22:45:33 [main] DEBUG o.s.s.w.a.e.ExpressionBasedFilterInvocationSecurityMetadataSource - Adding web access control expression [permitAll] for Ant [pattern='/']
2025-08-17 22:45:33 [main] DEBUG o.s.s.w.a.e.ExpressionBasedFilterInvocationSecurityMetadataSource - Adding web access control expression [permitAll] for Ant [pattern='/login.html']
2025-08-17 22:45:33 [main] DEBUG o.s.s.w.a.e.ExpressionBasedFilterInvocationSecurityMetadataSource - Adding web access control expression [permitAll] for Ant [pattern='/static/**']
2025-08-17 22:45:33 [main] DEBUG o.s.s.w.a.e.ExpressionBasedFilterInvocationSecurityMetadataSource - Adding web access control expression [permitAll] for Ant [pattern='/css/**']
2025-08-17 22:45:33 [main] DEBUG o.s.s.w.a.e.ExpressionBasedFilterInvocationSecurityMetadataSource - Adding web access control expression [permitAll] for Ant [pattern='/js/**']
2025-08-17 22:45:33 [main] DEBUG o.s.s.w.a.e.ExpressionBasedFilterInvocationSecurityMetadataSource - Adding web access control expression [permitAll] for Ant [pattern='/images/**']
2025-08-17 22:45:33 [main] DEBUG o.s.s.w.a.e.ExpressionBasedFilterInvocationSecurityMetadataSource - Adding web access control expression [authenticated] for any request
2025-08-17 22:45:33 [main] INFO  o.s.security.web.DefaultSecurityFilterChain - Will secure any request with [org.springframework.security.web.session.DisableEncodeUrlFilter@686cf8ad, org.springframework.security.web.context.request.async.WebAsyncManagerIntegrationFilter@747f6c5a, org.springframework.security.web.context.SecurityContextPersistenceFilter@16d431b4, org.springframework.security.web.header.HeaderWriterFilter@5cfed0ba, org.springframework.security.web.authentication.logout.LogoutFilter@14b4340c, org.springframework.security.web.authentication.UsernamePasswordAuthenticationFilter@d87d449, org.springframework.security.web.session.ConcurrentSessionFilter@6a09484c, org.springframework.security.web.savedrequest.RequestCacheAwareFilter@7558633, org.springframework.security.web.servletapi.SecurityContextHolderAwareRequestFilter@16cb9989, org.springframework.security.web.authentication.AnonymousAuthenticationFilter@66e341e9, org.springframework.security.web.session.SessionManagementFilter@6a567f7b, org.springframework.security.web.access.ExceptionTranslationFilter@de77146, org.springframework.security.web.access.intercept.FilterSecurityInterceptor@6812c8cc]
2025-08-17 22:45:33 [main] WARN  o.s.b.a.t.ThymeleafAutoConfiguration$DefaultTemplateResolverConfiguration - Cannot find template location: classpath:/templates/ (please add some templates, check your Thymeleaf configuration, or set spring.thymeleaf.check-template-location=false)
2025-08-17 22:45:33 [main] INFO  o.s.boot.web.embedded.tomcat.TomcatWebServer - Tomcat started on port(s): 8080 (http) with context path '/tsm'
2025-08-17 22:45:33 [main] INFO  com.tsm.TsmSystemApplication - Started TsmSystemApplication in 8.004 seconds (JVM running for 8.785)
2025-08-17 22:45:41 [http-nio-8080-exec-2] INFO  o.a.c.c.ContainerBase.[Tomcat].[localhost].[/tsm] - Initializing Spring DispatcherServlet 'dispatcherServlet'
2025-08-17 22:45:41 [http-nio-8080-exec-2] INFO  org.springframework.web.servlet.DispatcherServlet - Initializing Servlet 'dispatcherServlet'
2025-08-17 22:45:41 [http-nio-8080-exec-2] INFO  org.springframework.web.servlet.DispatcherServlet - Completed initialization in 2 ms
2025-08-17 22:45:41 [http-nio-8080-exec-2] DEBUG org.springframework.security.web.FilterChainProxy - Securing GET /?ide_webview_request_time=1755445541178
2025-08-17 22:45:41 [http-nio-8080-exec-2] DEBUG o.s.s.web.context.SecurityContextPersistenceFilter - Set SecurityContextHolder to empty SecurityContext
2025-08-17 22:45:41 [http-nio-8080-exec-2] DEBUG o.s.s.w.a.AnonymousAuthenticationFilter - Set SecurityContextHolder to anonymous SecurityContext
2025-08-17 22:45:41 [http-nio-8080-exec-2] DEBUG o.s.security.web.session.SessionManagementFilter - Request requested invalid session id 850BE00A310222858830EB3A572B4C17
2025-08-17 22:45:41 [http-nio-8080-exec-2] DEBUG o.s.s.w.access.intercept.FilterSecurityInterceptor - Authorized filter invocation [GET /?ide_webview_request_time=1755445541178] with attributes [permitAll]
2025-08-17 22:45:41 [http-nio-8080-exec-2] DEBUG org.springframework.security.web.FilterChainProxy - Secured GET /?ide_webview_request_time=1755445541178
2025-08-17 22:45:41 [http-nio-8080-exec-2] DEBUG o.s.s.w.c.HttpSessionSecurityContextRepository - Did not store anonymous SecurityContext
2025-08-17 22:45:41 [http-nio-8080-exec-2] DEBUG o.s.s.w.c.HttpSessionSecurityContextRepository - Did not store anonymous SecurityContext
2025-08-17 22:45:41 [http-nio-8080-exec-2] DEBUG o.s.s.web.context.SecurityContextPersistenceFilter - Cleared SecurityContextHolder to complete request
2025-08-17 22:47:18 [SpringApplicationShutdownHook] INFO  com.alibaba.druid.pool.DruidDataSource - {dataSource-1} closing ...
2025-08-17 22:47:18 [SpringApplicationShutdownHook] INFO  com.alibaba.druid.pool.DruidDataSource - {dataSource-1} closed
